<?xml version="1.0" encoding="UTF-8"?>
<coverage generated="1751376201054" clover="3.2.0">
  <project timestamp="1751376201054" name="All files">
    <metrics statements="28" coveredstatements="28" conditionals="13" coveredconditionals="9" methods="14" coveredmethods="13" elements="55" coveredelements="50" complexity="0" loc="28" ncloc="28" packages="1" files="1" classes="1"/>
    <file name="api.ts" path="/Users/davidagustin/Desktop/codingfolder/fullstackpractice/frontend/src/services/api.ts">
      <metrics statements="28" coveredstatements="28" conditionals="13" coveredconditionals="9" methods="14" coveredmethods="13"/>
      <line num="16" count="1" type="cond" truecount="4" falsecount="1"/>
      <line num="20" count="1" type="stmt"/>
      <line num="24" count="1" type="stmt"/>
      <line num="25" count="1" type="stmt"/>
      <line num="26" count="1" type="stmt"/>
      <line num="30" count="1" type="stmt"/>
      <line num="31" count="5" type="stmt"/>
      <line num="32" count="5" type="cond" truecount="1" falsecount="1"/>
      <line num="35" count="1" type="stmt"/>
      <line num="38" count="8" type="stmt"/>
      <line num="39" count="8" type="stmt"/>
      <line num="40" count="8" type="stmt"/>
      <line num="48" count="8" type="cond" truecount="2" falsecount="0"/>
      <line num="49" count="1" type="stmt"/>
      <line num="50" count="1" type="cond" truecount="1" falsecount="1"/>
      <line num="53" count="7" type="stmt"/>
      <line num="56" count="1" type="stmt"/>
      <line num="59" count="5" type="stmt"/>
      <line num="60" count="5" type="stmt"/>
      <line num="70" count="1" type="stmt"/>
      <line num="72" count="2" type="stmt"/>
      <line num="78" count="1" type="stmt"/>
      <line num="84" count="1" type="stmt"/>
      <line num="88" count="1" type="stmt"/>
      <line num="90" count="1" type="stmt"/>
      <line num="93" count="1" type="stmt"/>
      <line num="99" count="1" type="stmt"/>
      <line num="105" count="1" type="stmt"/>
    </file>
  </project>
</coverage>
