{"/Users/davidagustin/Desktop/codingfolder/fullstackpractice/frontend/src/services/api.ts": {"path":"/Users/davidagustin/Desktop/codingfolder/fullstackpractice/frontend/src/services/api.ts","statementMap":{"0":{"start":{"line":16,"column":2},"end":{"line":18,"column":29}},"1":{"start":{"line":24,"column":4},"end":{"line":24,"column":19}},"2":{"start":{"line":25,"column":4},"end":{"line":25,"column":27}},"3":{"start":{"line":26,"column":4},"end":{"line":26,"column":25}},"4":{"start":{"line":20,"column":0},"end":{"line":20,"column":13}},"5":{"start":{"line":30,"column":23},"end":{"line":33,"column":1}},"6":{"start":{"line":31,"column":16},"end":{"line":31,"column":45}},"7":{"start":{"line":32,"column":2},"end":{"line":32,"column":59}},"8":{"start":{"line":35,"column":19},"end":{"line":54,"column":2}},"9":{"start":{"line":38,"column":16},"end":{"line":54,"column":2}},"10":{"start":{"line":39,"column":14},"end":{"line":39,"column":49}},"11":{"start":{"line":40,"column":19},"end":{"line":44,"column":null}},"12":{"start":{"line":48,"column":2},"end":{"line":51,"column":3}},"13":{"start":{"line":49,"column":22},"end":{"line":49,"column":61}},"14":{"start":{"line":49,"column":57},"end":{"line":49,"column":59}},"15":{"start":{"line":50,"column":4},"end":{"line":50,"column":77}},"16":{"start":{"line":53,"column":2},"end":{"line":53,"column":25}},"17":{"start":{"line":56,"column":29},"end":{"line":67,"column":2}},"18":{"start":{"line":59,"column":16},"end":{"line":67,"column":2}},"19":{"start":{"line":60,"column":2},"end":{"line":66,"column":5}},"20":{"start":{"line":70,"column":13},"end":{"line":85,"column":2}},"21":{"start":{"line":72,"column":4},"end":{"line":75,"column":6}},"22":{"start":{"line":78,"column":4},"end":{"line":81,"column":6}},"23":{"start":{"line":84,"column":4},"end":{"line":84,"column":41}},"24":{"start":{"line":88,"column":13},"end":{"line":108,"column":2}},"25":{"start":{"line":90,"column":4},"end":{"line":90,"column":34}},"26":{"start":{"line":93,"column":4},"end":{"line":96,"column":6}},"27":{"start":{"line":99,"column":4},"end":{"line":102,"column":6}},"28":{"start":{"line":105,"column":4},"end":{"line":107,"column":6}}},"fnMap":{"0":{"name":"(anonymous_7)","decl":{"start":{"line":23,"column":2},"end":{"line":23,"column":14}},"loc":{"start":{"line":23,"column":45},"end":{"line":27,"column":3}}},"1":{"name":"(anonymous_8)","decl":{"start":{"line":30,"column":23},"end":{"line":30,"column":50}},"loc":{"start":{"line":30,"column":52},"end":{"line":33,"column":1}}},"2":{"name":"(anonymous_9)","decl":{"start":{"line":35,"column":19},"end":{"line":35,"column":null}},"loc":{"start":{"line":38,"column":16},"end":{"line":54,"column":2}}},"3":{"name":"(anonymous_10)","decl":{"start":{"line":38,"column":16},"end":{"line":38,"column":null}},"loc":{"start":{"line":37,"column":27},"end":{"line":54,"column":1}}},"4":{"name":"(anonymous_11)","decl":{"start":{"line":49,"column":50},"end":{"line":49,"column":53}},"loc":{"start":{"line":49,"column":57},"end":{"line":49,"column":59}}},"5":{"name":"(anonymous_12)","decl":{"start":{"line":56,"column":29},"end":{"line":56,"column":null}},"loc":{"start":{"line":59,"column":16},"end":{"line":67,"column":2}}},"6":{"name":"(anonymous_13)","decl":{"start":{"line":59,"column":16},"end":{"line":59,"column":null}},"loc":{"start":{"line":58,"column":27},"end":{"line":67,"column":1}}},"7":{"name":"(anonymous_14)","decl":{"start":{"line":71,"column":9},"end":{"line":71,"column":10}},"loc":{"start":{"line":72,"column":4},"end":{"line":75,"column":6}}},"8":{"name":"(anonymous_15)","decl":{"start":{"line":77,"column":12},"end":{"line":77,"column":13}},"loc":{"start":{"line":78,"column":4},"end":{"line":81,"column":6}}},"9":{"name":"(anonymous_16)","decl":{"start":{"line":83,"column":14},"end":{"line":83,"column":46}},"loc":{"start":{"line":84,"column":4},"end":{"line":84,"column":41}}},"10":{"name":"(anonymous_17)","decl":{"start":{"line":89,"column":10},"end":{"line":89,"column":40}},"loc":{"start":{"line":90,"column":4},"end":{"line":90,"column":34}}},"11":{"name":"(anonymous_18)","decl":{"start":{"line":92,"column":10},"end":{"line":92,"column":11}},"loc":{"start":{"line":93,"column":4},"end":{"line":96,"column":6}}},"12":{"name":"(anonymous_19)","decl":{"start":{"line":98,"column":10},"end":{"line":98,"column":11}},"loc":{"start":{"line":99,"column":4},"end":{"line":102,"column":6}}},"13":{"name":"(anonymous_20)","decl":{"start":{"line":104,"column":10},"end":{"line":104,"column":11}},"loc":{"start":{"line":105,"column":4},"end":{"line":107,"column":6}}}},"branchMap":{"0":{"loc":{"start":{"line":16,"column":2},"end":{"line":18,"column":29}},"type":"cond-expr","locations":[{"start":{"line":17,"column":6},"end":{"line":17,"column":30}},{"start":{"line":18,"column":6},"end":{"line":18,"column":29}}]},"1":{"loc":{"start":{"line":16,"column":2},"end":{"line":16,"column":75}},"type":"binary-expr","locations":[{"start":{"line":16,"column":2},"end":{"line":16,"column":32}},{"start":{"line":16,"column":36},"end":{"line":16,"column":47}},{"start":{"line":16,"column":51},"end":{"line":16,"column":75}}]},"2":{"loc":{"start":{"line":32,"column":9},"end":{"line":32,"column":58}},"type":"cond-expr","locations":[{"start":{"line":32,"column":17},"end":{"line":32,"column":53}},{"start":{"line":32,"column":56},"end":{"line":32,"column":58}}]},"3":{"loc":{"start":{"line":37,"column":2},"end":{"line":37,"column":27}},"type":"default-arg","locations":[{"start":{"line":37,"column":25},"end":{"line":37,"column":27}}]},"4":{"loc":{"start":{"line":48,"column":2},"end":{"line":51,"column":3}},"type":"if","locations":[{"start":{"line":48,"column":2},"end":{"line":51,"column":3}},{"start":{},"end":{}}]},"5":{"loc":{"start":{"line":50,"column":40},"end":{"line":50,"column":75}},"type":"binary-expr","locations":[{"start":{"line":50,"column":40},"end":{"line":50,"column":55}},{"start":{"line":50,"column":59},"end":{"line":50,"column":75}}]},"6":{"loc":{"start":{"line":58,"column":2},"end":{"line":58,"column":27}},"type":"default-arg","locations":[{"start":{"line":58,"column":25},"end":{"line":58,"column":27}}]}},"s":{"0":1,"1":1,"2":1,"3":1,"4":1,"5":1,"6":5,"7":5,"8":1,"9":8,"10":8,"11":8,"12":8,"13":1,"14":0,"15":1,"16":7,"17":1,"18":5,"19":5,"20":1,"21":2,"22":1,"23":1,"24":1,"25":1,"26":1,"27":1,"28":1},"f":{"0":1,"1":5,"2":8,"3":8,"4":0,"5":5,"6":5,"7":2,"8":1,"9":1,"10":1,"11":1,"12":1,"13":1},"b":{"0":[0,1],"1":[1,1,1],"2":[5,0],"3":[0],"4":[1,7],"5":[1,0],"6":[2]}}
}
