TN:
SF:src/services/api.ts
FN:23,(anonymous_7)
FN:30,(anonymous_8)
FN:35,(anonymous_9)
FN:38,(anonymous_10)
FN:49,(anonymous_11)
FN:56,(anonymous_12)
FN:59,(anonymous_13)
FN:71,(anonymous_14)
FN:77,(anonymous_15)
FN:83,(anonymous_16)
FN:89,(anonymous_17)
FN:92,(anonymous_18)
FN:98,(anonymous_19)
FN:104,(anonymous_20)
FNF:14
FNH:13
FNDA:1,(anonymous_7)
FNDA:5,(anonymous_8)
FNDA:8,(anonymous_9)
FNDA:8,(anonymous_10)
FNDA:0,(anonymous_11)
FNDA:5,(anonymous_12)
FNDA:5,(anonymous_13)
FNDA:2,(anonymous_14)
FNDA:1,(anonymous_15)
FNDA:1,(anonymous_16)
FNDA:1,(anonymous_17)
FNDA:1,(anonymous_18)
FNDA:1,(anonymous_19)
FNDA:1,(anonymous_20)
DA:16,1
DA:20,1
DA:24,1
DA:25,1
DA:26,1
DA:30,1
DA:31,5
DA:32,5
DA:35,1
DA:38,8
DA:39,8
DA:40,8
DA:48,8
DA:49,1
DA:50,1
DA:53,7
DA:56,1
DA:59,5
DA:60,5
DA:70,1
DA:72,2
DA:78,1
DA:84,1
DA:88,1
DA:90,1
DA:93,1
DA:99,1
DA:105,1
LF:28
LH:28
BRDA:16,0,0,0
BRDA:16,0,1,1
BRDA:16,1,0,1
BRDA:16,1,1,1
BRDA:16,1,2,1
BRDA:32,2,0,5
BRDA:32,2,1,0
BRDA:37,3,0,0
BRDA:48,4,0,1
BRDA:48,4,1,7
BRDA:50,5,0,1
BRDA:50,5,1,0
BRDA:58,6,0,2
BRF:13
BRH:9
end_of_record
